<?xml version="1.0" encoding="UTF-8"?>
<!-- Generated by org.testng.reporters.JUnitReportReporter -->
<testsuite hostname="DESKTOP-R6VJ8SB" failures="0" tests="3" name="testPackage.class3" time="0.031" errors="0" timestamp="2023-10-29T12:44:49 CET" skipped="0">
  <testcase classname="testPackage.class3" name="webloginCarLoan" time="0.005"/>
  <system-out/>
  <testcase classname="testPackage.class3" name="mobileSigninCarLoan" time="0.021"/>
  <system-out/>
  <testcase classname="testPackage.class3" name="mobileSignoutCarLoan" time="0.005"/>
  <system-out/>
</testsuite> <!-- testPackage.class3 -->
