<?xml version="1.0" encoding="UTF-8"?>
<!-- Generated by org.testng.reporters.JUnitReportReporter -->
<testsuite hostname="DESKTOP-R6VJ8SB" failures="0" tests="1" name="testPackage.class1" time="0.032" errors="0" timestamp="2023-10-29T13:54:02 CET" skipped="0">
  <testcase classname="testPackage.class1" name="demo" time="0.032"/>
  <system-out/>
</testsuite> <!-- testPackage.class1 -->
