<?xml version="1.0" encoding="UTF-8"?>
<!-- Generated by org.testng.reporters.JUnitReportReporter -->
<testsuite hostname="DESKTOP-R6VJ8SB" failures="0" tests="1" name="testPackage.class4" time="0.007" errors="0" timestamp="2023-10-29T13:54:02 CET" skipped="0">
  <testcase classname="testPackage.class4" name="loginAPIHomeLoan" time="0.007"/>
  <system-out/>
</testsuite> <!-- testPackage.class4 -->
